[debug] [2018-12-07T13:12:58.445Z] ----------------------------------------------------------------------
[debug] [2018-12-07T13:12:58.447Z] Command:       /home/ronnym/.nvm/versions/node/v10.3.0/bin/node /home/ronnym/git/nbdigi/node_modules/.bin/firebase deploy
[debug] [2018-12-07T13:12:58.447Z] CLI Version:   6.1.1
[debug] [2018-12-07T13:12:58.447Z] Platform:      linux
[debug] [2018-12-07T13:12:58.447Z] Node Version:  v10.3.0
[debug] [2018-12-07T13:12:58.447Z] Time:          Fri Dec 07 2018 14:12:58 GMT+0100 (CET)
[debug] [2018-12-07T13:12:58.447Z] ----------------------------------------------------------------------
[debug] 
[debug] [2018-12-07T13:12:58.454Z] > command requires scopes: ["email","openid","https://www.googleapis.com/auth/cloudplatformprojects.readonly","https://www.googleapis.com/auth/firebase","https://www.googleapis.com/auth/cloud-platform"]
[debug] [2018-12-07T13:12:58.454Z] > authorizing via signed-in user
[debug] [2018-12-07T13:12:58.454Z] [iam] checking project nbdigi-9637d for permissions ["cloudfunctions.functions.create","cloudfunctions.functions.delete","cloudfunctions.functions.get","cloudfunctions.functions.list","cloudfunctions.functions.update","cloudfunctions.operations.get","datastore.indexes.create","datastore.indexes.delete","datastore.indexes.list","datastore.indexes.update","firebase.projects.get","firebasehosting.sites.update"]
[debug] [2018-12-07T13:12:58.455Z] > refreshing access token with scopes: ["email","https://www.googleapis.com/auth/cloud-platform","https://www.googleapis.com/auth/cloudplatformprojects.readonly","https://www.googleapis.com/auth/firebase","openid"]
[debug] [2018-12-07T13:12:58.455Z] >>> HTTP REQUEST POST https://www.googleapis.com/oauth2/v3/token  
 <request body omitted>
[debug] [2018-12-07T13:12:58.669Z] <<< HTTP RESPONSE 200
[debug] [2018-12-07T13:12:58.686Z] >>> HTTP REQUEST POST https://cloudresourcemanager.googleapis.com/v1/projects/nbdigi-9637d:testIamPermissions  

[debug] [2018-12-07T13:12:59.735Z] <<< HTTP RESPONSE 200
[debug] [2018-12-07T13:12:59.738Z] >>> HTTP REQUEST GET https://firebase.googleapis.com/v1beta1/projects/nbdigi-9637d  
 
[debug] [2018-12-07T13:13:00.116Z] <<< HTTP RESPONSE 200
[info] 
[info] === Deploying to 'nbdigi-9637d'...
[info] 
[info] i  deploying firestore, functions, hosting
[info] Running command: npm --prefix "$RESOURCE_DIR" run lint
[info] Running command: npm --prefix "$RESOURCE_DIR" run build
[info] ✔  functions: Finished running predeploy script.
[info] i  firestore: checking firestore.rules for compilation errors...
[debug] [2018-12-07T13:13:06.115Z] >>> HTTP REQUEST POST https://firebaserules.googleapis.com/v1/projects/nbdigi-9637d:test  

[debug] [2018-12-07T13:13:07.209Z] <<< HTTP RESPONSE 200
[info] ✔  firestore: rules file firestore.rules compiled successfully
[debug] [2018-12-07T13:13:07.213Z] > [functions] package.json contents: {
  "name": "functions",
  "scripts": {
    "lint": "tslint --project tsconfig.json",
    "build": "tsc",
    "serve": "npm run build && firebase serve --only functions",
    "shell": "npm run build && firebase functions:shell",
    "start": "npm run shell",
    "deploy": "firebase deploy --only functions",
    "logs": "firebase functions:log"
  },
  "main": "lib/index.js",
  "dependencies": {
    "firebase-admin": "~6.0.0",
    "firebase-functions": "^2.1.0"
  },
  "devDependencies": {
    "@google-cloud/firestore": "^0.18.0",
    "tslint": "~5.8.0",
    "typescript": "~2.8.3"
  },
  "private": true
}
[info] i  functions: ensuring necessary APIs are enabled...
[debug] [2018-12-07T13:13:07.213Z] >>> HTTP REQUEST GET https://servicemanagement.googleapis.com/v1/services/cloudfunctions.googleapis.com/projectSettings/nbdigi-9637d?view=CONSUMER_VIEW  
 
[debug] [2018-12-07T13:13:07.214Z] >>> HTTP REQUEST GET https://servicemanagement.googleapis.com/v1/services/runtimeconfig.googleapis.com/projectSettings/nbdigi-9637d?view=CONSUMER_VIEW  
 
[debug] [2018-12-07T13:13:08.664Z] <<< HTTP RESPONSE 200
[debug] [2018-12-07T13:13:08.780Z] <<< HTTP RESPONSE 200
[info] ✔  functions: all necessary APIs are enabled
[debug] [2018-12-07T13:13:08.782Z] >>> HTTP REQUEST GET https://cloudresourcemanager.googleapis.com/v1/projects/nbdigi-9637d  
 
[debug] [2018-12-07T13:13:09.749Z] <<< HTTP RESPONSE 200
[debug] [2018-12-07T13:13:09.750Z] >>> HTTP REQUEST GET https://mobilesdk-pa.googleapis.com/v1/projects/465687493405:getServerAppConfig  
 
[debug] [2018-12-07T13:13:10.331Z] <<< HTTP RESPONSE 200
[debug] [2018-12-07T13:13:10.335Z] >>> HTTP REQUEST POST https://firebasehosting.googleapis.com/v1beta1/sites/nbdigi-9637d/versions  

[debug] [2018-12-07T13:13:12.415Z] <<< HTTP RESPONSE 200
[info] i  firestore: uploading rules firestore.rules...
[debug] [2018-12-07T13:13:12.418Z] >>> HTTP REQUEST POST https://firebaserules.googleapis.com/v1/projects/nbdigi-9637d/rulesets  

[debug] [2018-12-07T13:13:12.419Z] >>> HTTP REQUEST GET https://firestore.googleapis.com/v1beta1/projects/nbdigi-9637d/databases/(default)/indexes  
 
[debug] [2018-12-07T13:13:12.890Z] <<< HTTP RESPONSE 200
[debug] [2018-12-07T13:13:13.682Z] <<< HTTP RESPONSE 200
[debug] [2018-12-07T13:13:13.683Z] [rules] created ruleset projects/nbdigi-9637d/rulesets/fdaa6e72-625b-4d83-bf54-1bd53e9018f5
[info] i  functions: preparing functions directory for uploading...
[debug] [2018-12-07T13:13:13.688Z] >>> HTTP REQUEST GET https://runtimeconfig.googleapis.com/v1beta1/projects/nbdigi-9637d/configs  
 
[debug] [2018-12-07T13:13:14.853Z] <<< HTTP RESPONSE 200
[info] i  functions: packaged functions (62.58 KB) for uploading
[debug] [2018-12-07T13:13:15.012Z] >>> HTTP REQUEST POST https://cloudfunctions.googleapis.com/v1/projects/nbdigi-9637d/locations/us-central1/functions:generateUploadUrl  
 
[debug] [2018-12-07T13:13:15.702Z] <<< HTTP RESPONSE 200
[debug] [2018-12-07T13:13:15.705Z] >>> HTTP REQUEST PUT https://storage.googleapis.com/gcf-upload-us-central1-c3fc25fe-e323-4c2c-b948-9c72cf1b69a5/75c50e9a-0399-42b6-9df2-dc91a0ccc49f.zip?GoogleAccessId=service-465687493405@gcf-admin-robot.iam.gserviceaccount.com&Expires=1544190195&Signature=CtJZg6%2BqiJcdZbrP%2BF98TO4C85wNpelxTVRd08r1Cz205yUGACMNblFimd%2FL1%2BTeWdvnW7JmdCMIilWV6DSGdPX4ETmALZ67CqJIbx04WLgvUX3nQEJ9%2B6C%2Fsq38ijVaavXxjH2tIDsC10TaLwIJ9betIgKCRMWN72AfqIBpgaNXegB4EAlA8yjnfJZ%2BVV6%2FITsKqq8mCCJXXv7OPKN8UxfB0m2o9Bo3QBpczzKPi5iQZ4%2BBzAhG7VUhODuAT%2FC2gEqEjmHdz09ZYoChyfb16UXW1Ujw85FZwVgB%2BndbSRMWNtg4lkTgo90k2ZZmKRJD2FLphvIDOwVFxeGQ0Cuq7g%3D%3D  

[debug] [2018-12-07T13:13:16.348Z] <<< HTTP RESPONSE 200
[info] ✔  functions: functions folder uploaded successfully
[info] i  hosting[nbdigi-9637d]: beginning deploy...
[info] i  hosting[nbdigi-9637d]: found 45 files in dist/apps/nbdigi
[debug] [2018-12-07T13:13:16.376Z] [hosting] hash cache [ZGlzdC9hcHBzL25iZGlnaQ] load error: lines is not defined
[debug] [2018-12-07T13:13:16.630Z] [hosting] hash cache [ZGlzdC9hcHBzL25iZGlnaQ] stored for 45 files
[debug] [2018-12-07T13:13:16.630Z] [hosting][hash queue][FINAL]
[debug] [2018-12-07T13:13:16.630Z] >>> HTTP REQUEST POST https://firebasehosting.googleapis.com/v1beta1/sites/nbdigi-9637d/versions/84cadf3e3abac3ba:populateFiles  
 <request body omitted>
[debug] [2018-12-07T13:13:18.478Z] <<< HTTP RESPONSE 200
[debug] [2018-12-07T13:13:18.485Z] [hosting][populate queue][FINAL]
[debug] [2018-12-07T13:13:18.485Z] [hosting] uploads queued: 16
[debug] [2018-12-07T13:13:21.921Z] [hosting][upload queue][FINAL]
[info] ✔  hosting[nbdigi-9637d]: file upload complete
[debug] [2018-12-07T13:13:21.922Z] [hosting] deploy completed after 5571ms
[debug] [2018-12-07T13:13:22.076Z] [rules] releasing cloud.firestore with ruleset projects/nbdigi-9637d/rulesets/fdaa6e72-625b-4d83-bf54-1bd53e9018f5
[debug] [2018-12-07T13:13:22.076Z] >>> HTTP REQUEST PATCH https://firebaserules.googleapis.com/v1/projects/nbdigi-9637d/releases/cloud.firestore  

[debug] [2018-12-07T13:13:23.263Z] <<< HTTP RESPONSE 200
[debug] [2018-12-07T13:13:23.263Z] [rules] updated release projects/nbdigi-9637d/releases/cloud.firestore
[info] ✔  firestore: released rules firestore.rules to cloud.firestore
[debug] [2018-12-07T13:13:23.266Z] >>> HTTP REQUEST GET https://cloudfunctions.googleapis.com/v1/projects/nbdigi-9637d/locations/-/functions  
 
[debug] [2018-12-07T13:13:24.110Z] <<< HTTP RESPONSE 200
[info] i  functions: updating Node.js 6 function updateFavorite(us-central1)...
[debug] [2018-12-07T13:13:24.115Z] Trigger is:  {"eventTrigger":{"resource":"projects/nbdigi-9637d/databases/(default)/documents/users/{userId}/items/{messageId}","eventType":"providers/cloud.firestore/eventTypes/document.update","service":"firestore.googleapis.com"}}
[debug] [2018-12-07T13:13:24.117Z] >>> HTTP REQUEST PATCH https://cloudfunctions.googleapis.com/v1/projects/nbdigi-9637d/locations/us-central1/functions/updateFavorite {"updateMask":"sourceUploadUrl,name,labels,eventTrigger.resource,eventTrigger.eventType,eventTrigger.service"} 

